Dec 09, 2015 9:09:32 PM org.apache.catalina.core.ApplicationContext log
INFO: ContextListener: contextInitialized()
Dec 09, 2015 9:09:32 PM org.apache.catalina.core.ApplicationContext log
INFO: SessionListener: contextInitialized()
Dec 09, 2015 9:09:32 PM org.apache.catalina.core.ApplicationContext log
INFO: ContextListener: attributeAdded('org.apache.jasper.compiler.TldLocationsCache', 'org.apache.jasper.compiler.TldLocationsCache@4f304cdf')
Dec 09, 2015 9:12:28 PM org.apache.catalina.core.ApplicationContext log
INFO: SessionListener: contextDestroyed()
Dec 09, 2015 9:12:28 PM org.apache.catalina.core.ApplicationContext log
INFO: ContextListener: contextDestroyed()
Dec 09, 2015 9:12:43 PM org.apache.catalina.core.ApplicationContext log
INFO: ContextListener: contextInitialized()
Dec 09, 2015 9:12:43 PM org.apache.catalina.core.ApplicationContext log
INFO: SessionListener: contextInitialized()
Dec 09, 2015 9:12:43 PM org.apache.catalina.core.ApplicationContext log
INFO: ContextListener: attributeAdded('org.apache.jasper.compiler.TldLocationsCache', 'org.apache.jasper.compiler.TldLocationsCache@485ebd20')
Dec 09, 2015 9:13:35 PM org.apache.catalina.core.ApplicationContext log
INFO: Spring WebApplicationInitializers detected on classpath: [com.websystique.springmvc.configuration.HelloWorldInitializer@154ab6b2]
Dec 09, 2015 9:13:35 PM org.apache.catalina.core.ApplicationContext log
INFO: Initializing Spring root WebApplicationContext
Dec 09, 2015 9:13:37 PM org.apache.catalina.core.ApplicationContext log
INFO: Initializing Spring FrameworkServlet 'dispatcher'
Dec 09, 2015 9:24:18 PM org.apache.catalina.core.ApplicationContext log
INFO: Destroying Spring FrameworkServlet 'dispatcher'
Dec 09, 2015 9:24:18 PM org.apache.catalina.core.ApplicationContext log
INFO: Closing Spring root WebApplicationContext
Dec 09, 2015 9:24:19 PM org.apache.catalina.core.ApplicationContext log
INFO: Spring WebApplicationInitializers detected on classpath: [com.websystique.springmvc.configuration.HelloWorldInitializer@7cd0642d]
Dec 09, 2015 9:24:19 PM org.apache.catalina.core.ApplicationContext log
INFO: Initializing Spring root WebApplicationContext
Dec 09, 2015 9:24:20 PM org.apache.catalina.core.ApplicationContext log
INFO: Initializing Spring FrameworkServlet 'dispatcher'
Dec 09, 2015 9:24:33 PM org.apache.catalina.core.ApplicationContext log
INFO: SessionListener: contextDestroyed()
Dec 09, 2015 9:24:33 PM org.apache.catalina.core.ApplicationContext log
INFO: ContextListener: contextDestroyed()
Dec 09, 2015 9:24:33 PM org.apache.catalina.core.ApplicationContext log
INFO: Destroying Spring FrameworkServlet 'dispatcher'
Dec 09, 2015 9:24:33 PM org.apache.catalina.core.ApplicationContext log
INFO: Closing Spring root WebApplicationContext
Dec 09, 2015 9:24:53 PM org.apache.catalina.core.ApplicationContext log
INFO: Spring WebApplicationInitializers detected on classpath: [com.websystique.springmvc.configuration.HelloWorldInitializer@2cea53ac]
Dec 09, 2015 9:24:53 PM org.apache.catalina.core.ApplicationContext log
INFO: Initializing Spring root WebApplicationContext
Dec 09, 2015 9:24:55 PM org.apache.catalina.core.ApplicationContext log
INFO: Initializing Spring FrameworkServlet 'dispatcher'
Dec 09, 2015 9:24:56 PM org.apache.catalina.core.ApplicationContext log
INFO: ContextListener: contextInitialized()
Dec 09, 2015 9:24:56 PM org.apache.catalina.core.ApplicationContext log
INFO: SessionListener: contextInitialized()
Dec 09, 2015 9:24:56 PM org.apache.catalina.core.ApplicationContext log
INFO: ContextListener: attributeAdded('org.apache.jasper.compiler.TldLocationsCache', 'org.apache.jasper.compiler.TldLocationsCache@16a3e93c')
Dec 09, 2015 9:32:17 PM org.apache.catalina.core.ApplicationContext log
INFO: Destroying Spring FrameworkServlet 'dispatcher'
Dec 09, 2015 9:32:17 PM org.apache.catalina.core.ApplicationContext log
INFO: Closing Spring root WebApplicationContext
Dec 09, 2015 9:32:18 PM org.apache.catalina.core.ApplicationContext log
INFO: Spring WebApplicationInitializers detected on classpath: [com.websystique.springmvc.configuration.HelloWorldInitializer@a2ac131]
Dec 09, 2015 9:32:18 PM org.apache.catalina.core.ApplicationContext log
INFO: Initializing Spring root WebApplicationContext
Dec 09, 2015 9:32:19 PM org.apache.catalina.core.ApplicationContext log
INFO: Initializing Spring FrameworkServlet 'dispatcher'
Dec 09, 2015 9:50:03 PM org.apache.catalina.core.ApplicationContext log
INFO: Destroying Spring FrameworkServlet 'dispatcher'
Dec 09, 2015 9:50:03 PM org.apache.catalina.core.ApplicationContext log
INFO: Closing Spring root WebApplicationContext
Dec 09, 2015 9:50:04 PM org.apache.catalina.core.ApplicationContext log
INFO: Spring WebApplicationInitializers detected on classpath: [com.websystique.springmvc.configuration.HelloWorldInitializer@7c34ff0f]
Dec 09, 2015 9:50:04 PM org.apache.catalina.core.ApplicationContext log
INFO: Initializing Spring root WebApplicationContext
Dec 09, 2015 9:50:05 PM org.apache.catalina.core.ApplicationContext log
INFO: Initializing Spring FrameworkServlet 'dispatcher'
Dec 09, 2015 9:52:46 PM org.apache.catalina.core.ApplicationContext log
INFO: Destroying Spring FrameworkServlet 'dispatcher'
Dec 09, 2015 9:52:46 PM org.apache.catalina.core.ApplicationContext log
INFO: Closing Spring root WebApplicationContext
Dec 09, 2015 9:52:47 PM org.apache.catalina.core.ApplicationContext log
INFO: Spring WebApplicationInitializers detected on classpath: [com.websystique.springmvc.configuration.HelloWorldInitializer@2a56b188]
Dec 09, 2015 9:52:47 PM org.apache.catalina.core.ApplicationContext log
INFO: Initializing Spring root WebApplicationContext
Dec 09, 2015 9:52:48 PM org.apache.catalina.core.ApplicationContext log
INFO: Initializing Spring FrameworkServlet 'dispatcher'
Dec 09, 2015 9:55:08 PM org.apache.catalina.core.ApplicationContext log
INFO: Destroying Spring FrameworkServlet 'dispatcher'
Dec 09, 2015 9:55:08 PM org.apache.catalina.core.ApplicationContext log
INFO: Closing Spring root WebApplicationContext
Dec 09, 2015 9:55:09 PM org.apache.catalina.core.ApplicationContext log
INFO: Spring WebApplicationInitializers detected on classpath: [com.websystique.springmvc.configuration.HelloWorldInitializer@34bd5edf]
Dec 09, 2015 9:55:09 PM org.apache.catalina.core.ApplicationContext log
INFO: Initializing Spring root WebApplicationContext
Dec 09, 2015 9:55:09 PM org.apache.catalina.core.ApplicationContext log
INFO: Initializing Spring FrameworkServlet 'dispatcher'
Dec 09, 2015 10:08:50 PM org.apache.catalina.core.ApplicationContext log
INFO: Destroying Spring FrameworkServlet 'dispatcher'
Dec 09, 2015 10:08:50 PM org.apache.catalina.core.ApplicationContext log
INFO: Closing Spring root WebApplicationContext
Dec 09, 2015 10:08:51 PM org.apache.catalina.core.ApplicationContext log
INFO: Spring WebApplicationInitializers detected on classpath: [com.websystique.springmvc.configuration.HelloWorldInitializer@6e48795c]
Dec 09, 2015 10:08:51 PM org.apache.catalina.core.ApplicationContext log
INFO: Initializing Spring root WebApplicationContext
Dec 09, 2015 10:08:52 PM org.apache.catalina.core.ApplicationContext log
INFO: Initializing Spring FrameworkServlet 'dispatcher'
Dec 09, 2015 10:15:42 PM org.apache.catalina.core.ApplicationContext log
INFO: Destroying Spring FrameworkServlet 'dispatcher'
Dec 09, 2015 10:15:42 PM org.apache.catalina.core.ApplicationContext log
INFO: Closing Spring root WebApplicationContext
Dec 09, 2015 10:15:43 PM org.apache.catalina.core.ApplicationContext log
INFO: Spring WebApplicationInitializers detected on classpath: [com.websystique.springmvc.configuration.HelloWorldInitializer@7d76da25]
Dec 09, 2015 10:15:43 PM org.apache.catalina.core.ApplicationContext log
INFO: Initializing Spring root WebApplicationContext
Dec 09, 2015 10:15:44 PM org.apache.catalina.core.ApplicationContext log
INFO: Initializing Spring FrameworkServlet 'dispatcher'
Dec 09, 2015 10:29:15 PM org.apache.catalina.core.ApplicationContext log
INFO: Destroying Spring FrameworkServlet 'dispatcher'
Dec 09, 2015 10:29:15 PM org.apache.catalina.core.ApplicationContext log
INFO: Closing Spring root WebApplicationContext
Dec 09, 2015 10:29:15 PM org.apache.catalina.core.StandardContext listenerStop
SEVERE: Exception sending context destroyed event to listener instance of class org.springframework.web.context.ContextLoaderListener
java.lang.NoClassDefFoundError: org/springframework/web/context/ContextCleanupListener
	at org.springframework.web.context.ContextLoaderListener.contextDestroyed(ContextLoaderListener.java:117)
	at org.apache.catalina.core.StandardContext.listenerStop(StandardContext.java:5048)
	at org.apache.catalina.core.StandardContext.stopInternal(StandardContext.java:5712)
	at org.apache.catalina.util.LifecycleBase.stop(LifecycleBase.java:232)
	at org.apache.catalina.core.ContainerBase.removeChild(ContainerBase.java:1027)
	at org.apache.catalina.startup.HostConfig.undeploy(HostConfig.java:1568)
	at org.apache.catalina.startup.HostConfig.checkResources(HostConfig.java:1494)
	at org.apache.catalina.startup.HostConfig.check(HostConfig.java:1716)
	at org.apache.catalina.startup.HostConfig.lifecycleEvent(HostConfig.java:333)
	at org.apache.catalina.util.LifecycleSupport.fireLifecycleEvent(LifecycleSupport.java:117)
	at org.apache.catalina.util.LifecycleBase.fireLifecycleEvent(LifecycleBase.java:90)
	at org.apache.catalina.core.ContainerBase.backgroundProcess(ContainerBase.java:1373)
	at org.apache.catalina.core.ContainerBase$ContainerBackgroundProcessor.processChildren(ContainerBase.java:1545)
	at org.apache.catalina.core.ContainerBase$ContainerBackgroundProcessor.processChildren(ContainerBase.java:1555)
	at org.apache.catalina.core.ContainerBase$ContainerBackgroundProcessor.run(ContainerBase.java:1523)
	at java.lang.Thread.run(Thread.java:745)
Caused by: java.lang.ClassNotFoundException: org.springframework.web.context.ContextCleanupListener
	at org.apache.catalina.loader.WebappClassLoaderBase.loadClass(WebappClassLoaderBase.java:1854)
	at org.apache.catalina.loader.WebappClassLoaderBase.loadClass(WebappClassLoaderBase.java:1703)
	... 16 more

Dec 09, 2015 10:29:46 PM org.apache.catalina.core.ApplicationContext log
INFO: Spring WebApplicationInitializers detected on classpath: [com.websystique.springmvc.configuration.HelloWorldInitializer@229524bb]
Dec 09, 2015 10:29:46 PM org.apache.catalina.core.ApplicationContext log
INFO: Initializing Spring root WebApplicationContext
Dec 09, 2015 10:29:47 PM org.apache.catalina.core.ApplicationContext log
INFO: Initializing Spring FrameworkServlet 'dispatcher'
Dec 09, 2015 10:33:28 PM org.apache.catalina.core.ApplicationContext log
INFO: Destroying Spring FrameworkServlet 'dispatcher'
Dec 09, 2015 10:33:28 PM org.apache.catalina.core.ApplicationContext log
INFO: Closing Spring root WebApplicationContext
Dec 09, 2015 10:34:57 PM org.apache.catalina.core.ApplicationContext log
INFO: ContextListener: contextInitialized()
Dec 09, 2015 10:34:57 PM org.apache.catalina.core.ApplicationContext log
INFO: SessionListener: contextInitialized()
Dec 09, 2015 10:34:57 PM org.apache.catalina.core.ApplicationContext log
INFO: ContextListener: attributeAdded('org.apache.jasper.compiler.TldLocationsCache', 'org.apache.jasper.compiler.TldLocationsCache@629568c8')
Dec 09, 2015 10:36:37 PM org.apache.catalina.core.ApplicationContext log
INFO: SessionListener: contextDestroyed()
Dec 09, 2015 10:36:37 PM org.apache.catalina.core.ApplicationContext log
INFO: ContextListener: contextDestroyed()
Dec 09, 2015 10:36:54 PM org.apache.catalina.core.ApplicationContext log
INFO: ContextListener: contextInitialized()
Dec 09, 2015 10:36:54 PM org.apache.catalina.core.ApplicationContext log
INFO: SessionListener: contextInitialized()
Dec 09, 2015 10:36:54 PM org.apache.catalina.core.ApplicationContext log
INFO: ContextListener: attributeAdded('org.apache.jasper.compiler.TldLocationsCache', 'org.apache.jasper.compiler.TldLocationsCache@7182f036')
Dec 09, 2015 10:37:25 PM org.apache.catalina.core.ApplicationContext log
INFO: Spring WebApplicationInitializers detected on classpath: [com.websystique.springmvc.configuration.HelloWorldInitializer@7141c3fd]
Dec 09, 2015 10:37:25 PM org.apache.catalina.core.ApplicationContext log
INFO: Initializing Spring root WebApplicationContext
Dec 09, 2015 10:37:27 PM org.apache.catalina.core.ApplicationContext log
INFO: Initializing Spring FrameworkServlet 'dispatcher'
Dec 09, 2015 10:41:17 PM org.apache.catalina.core.ApplicationContext log
INFO: Destroying Spring FrameworkServlet 'dispatcher'
Dec 09, 2015 10:41:17 PM org.apache.catalina.core.ApplicationContext log
INFO: Closing Spring root WebApplicationContext
Dec 09, 2015 10:41:18 PM org.apache.catalina.core.ApplicationContext log
INFO: Spring WebApplicationInitializers detected on classpath: [com.websystique.springmvc.configuration.HelloWorldInitializer@6a627ce2]
Dec 09, 2015 10:41:18 PM org.apache.catalina.core.ApplicationContext log
INFO: Initializing Spring root WebApplicationContext
Dec 09, 2015 10:41:19 PM org.apache.catalina.core.ApplicationContext log
INFO: Initializing Spring FrameworkServlet 'dispatcher'
Dec 09, 2015 10:53:20 PM org.apache.catalina.core.ApplicationContext log
INFO: SessionListener: contextDestroyed()
Dec 09, 2015 10:53:20 PM org.apache.catalina.core.ApplicationContext log
INFO: ContextListener: contextDestroyed()
Dec 09, 2015 10:53:20 PM org.apache.catalina.core.ApplicationContext log
INFO: Destroying Spring FrameworkServlet 'dispatcher'
Dec 09, 2015 10:53:20 PM org.apache.catalina.core.ApplicationContext log
INFO: Closing Spring root WebApplicationContext
